<?xml version="1.0" encoding="UTF-8"?>
<!-- Generated by org.testng.reporters.JUnitXMLReporter -->
<testsuite hostname="DmitryFRAMEWORK" ignored="0" name="Default test" tests="4" failures="0" timestamp="10 Mar 2017 02:02:49 GMT" time="0.269" errors="0">
  <testcase name="test_01" time="0.056" classname="core.EclEmmaTest"/>
  <testcase name="test_02" time="0.004" classname="core.EclEmmaTest"/>
  <testcase name="test_03" time="0.015" classname="core.EclEmmaTest"/>
  <testcase name="test_04" time="0.014" classname="core.EclEmmaTest"/>
</testsuite> <!-- Default test -->
