<?xml version="1.0" encoding="UTF-8"?>
<testng-results skipped="0" failed="0" ignored="0" total="4" passed="4">
  <reporter-output>
  </reporter-output>
  <suite name="Default suite" duration-ms="269" started-at="2017-03-10T02:02:48Z" finished-at="2017-03-10T02:02:48Z">
    <groups>
    </groups>
    <test name="Default test" duration-ms="269" started-at="2017-03-10T02:02:48Z" finished-at="2017-03-10T02:02:48Z">
      <class name="core.EclEmmaTest">
        <test-method status="PASS" signature="test_01()[pri:0, instance:core.EclEmmaTest@20a05b32]" name="test_01" duration-ms="56" started-at="2017-03-09T18:02:48Z" finished-at="2017-03-09T18:02:48Z">
          <reporter-output>
          </reporter-output>
        </test-method> <!-- test_01 -->
        <test-method status="PASS" signature="test_02()[pri:0, instance:core.EclEmmaTest@20a05b32]" name="test_02" duration-ms="4" started-at="2017-03-09T18:02:48Z" finished-at="2017-03-09T18:02:48Z">
          <reporter-output>
          </reporter-output>
        </test-method> <!-- test_02 -->
        <test-method status="PASS" signature="test_03()[pri:0, instance:core.EclEmmaTest@20a05b32]" name="test_03" duration-ms="15" started-at="2017-03-09T18:02:48Z" finished-at="2017-03-09T18:02:48Z">
          <reporter-output>
          </reporter-output>
        </test-method> <!-- test_03 -->
        <test-method status="PASS" signature="test_04()[pri:0, instance:core.EclEmmaTest@20a05b32]" name="test_04" duration-ms="14" started-at="2017-03-09T18:02:48Z" finished-at="2017-03-09T18:02:48Z">
          <reporter-output>
          </reporter-output>
        </test-method> <!-- test_04 -->
      </class> <!-- core.EclEmmaTest -->
    </test> <!-- Default test -->
  </suite> <!-- Default suite -->
</testng-results>
